<?xml version="1.0" encoding="UTF-8"?>
<!-- Generated by org.testng.reporters.JUnitReportReporter -->
<testsuite hostname="Pranav" failures="0" tests="6" name="api.test.DDTests" time="11.305" errors="0" timestamp="2024-12-21T20:58:45 IST" skipped="0">
  <testcase classname="api.test.DDTests" name="testPostUser" time="1.531"/>
  <system-out/>
  <testcase classname="api.test.DDTests" name="testPostUser" time="1.266"/>
  <system-out/>
  <testcase classname="api.test.DDTests" name="testPostUser" time="3.937"/>
  <system-out/>
  <testcase classname="api.test.DDTests" name="testGetUser" time="1.509"/>
  <system-out/>
  <testcase classname="api.test.DDTests" name="testGetUser" time="1.529"/>
  <system-out/>
  <testcase classname="api.test.DDTests" name="testGetUser" time="1.533"/>
  <system-out/>
</testsuite> <!-- api.test.DDTests -->
