<?xml version="1.0" encoding="UTF-8"?>
<!-- Generated by org.testng.reporters.JUnitReportReporter -->
<testsuite hostname="Pranav" failures="0" tests="4" name="api.test.UserTests" time="27.970" errors="0" timestamp="2024-12-22T08:51:43 IST" skipped="0">
  <testcase classname="api.test.UserTests" name="testPostUser" time="3.067"/>
  <system-out/>
  <testcase classname="api.test.UserTests" name="testGetUserByName" time="21.690"/>
  <system-out/>
  <testcase classname="api.test.UserTests" name="testUpdateUserByName" time="1.653"/>
  <system-out/>
  <testcase classname="api.test.UserTests" name="testDeleteUser" time="1.560"/>
  <system-out/>
</testsuite> <!-- api.test.UserTests -->
