<?xml version="1.0" encoding="UTF-8"?>
<!-- Generated by org.testng.reporters.JUnitReportReporter -->
<testsuite hostname="Pranav" failures="0" tests="2" name="api.test.DeserializeJsonToPojo" time="5.017" errors="0" timestamp="2024-12-22T09:16:49 IST" skipped="0">
  <testcase classname="api.test.DeserializeJsonToPojo" name="testPostUser" time="3.762"/>
  <system-out/>
  <testcase classname="api.test.DeserializeJsonToPojo" name="testGetUserByName" time="1.255"/>
  <system-out/>
</testsuite> <!-- api.test.DeserializeJsonToPojo -->
